0 info it worked if it ends with ok
1 verbose cli [ '/usr/local/bin/node', '/usr/local/bin/npm', 'run', 'server' ]
2 info using npm@3.9.3
3 info using node@v6.2.1
4 verbose run-script [ 'preserver', 'server', 'postserver' ]
5 info lifecycle corporate-dashboard@1.0.0~preserver: corporate-dashboard@1.0.0
6 silly lifecycle corporate-dashboard@1.0.0~preserver: no script for preserver, continuing
7 info lifecycle corporate-dashboard@1.0.0~server: corporate-dashboard@1.0.0
8 verbose lifecycle corporate-dashboard@1.0.0~server: unsafe-perm in lifecycle true
9 verbose lifecycle corporate-dashboard@1.0.0~server: PATH: /usr/local/lib/node_modules/npm/bin/node-gyp-bin:/Users/Richard/Developer/Projects/Udacity/corporate-dashboard/node_modules/.bin:/usr/local/bin:/Users/Richard/Developer/Projects/Udacity/corporate-dashboard/node_modules/.bin:/Users/Richard/.zplug/bin:/Users/Richard/google-cloud-sdk/bin:/usr/local/bin:/usr/bin:/bin:/usr/sbin:/sbin:/usr/local/git/bin:/Users/Richard/Library/Android/sdk/platform-tools
10 verbose lifecycle corporate-dashboard@1.0.0~server: CWD: /Users/Richard/Developer/Projects/Udacity/corporate-dashboard
11 silly lifecycle corporate-dashboard@1.0.0~server: Args: [ '-c', 'babel-node ./server/index.js' ]
12 silly lifecycle corporate-dashboard@1.0.0~server: Returned: code: 1  signal: null
13 info lifecycle corporate-dashboard@1.0.0~server: Failed to exec server script
14 verbose stack Error: corporate-dashboard@1.0.0 server: `babel-node ./server/index.js`
14 verbose stack Exit status 1
14 verbose stack     at EventEmitter.<anonymous> (/usr/local/lib/node_modules/npm/lib/utils/lifecycle.js:245:16)
14 verbose stack     at emitTwo (events.js:106:13)
14 verbose stack     at EventEmitter.emit (events.js:191:7)
14 verbose stack     at ChildProcess.<anonymous> (/usr/local/lib/node_modules/npm/lib/utils/spawn.js:24:14)
14 verbose stack     at emitTwo (events.js:106:13)
14 verbose stack     at ChildProcess.emit (events.js:191:7)
14 verbose stack     at maybeClose (internal/child_process.js:852:16)
14 verbose stack     at Process.ChildProcess._handle.onexit (internal/child_process.js:215:5)
15 verbose pkgid corporate-dashboard@1.0.0
16 verbose cwd /Users/Richard/Developer/Projects/Udacity/corporate-dashboard
17 error Darwin 15.5.0
18 error argv "/usr/local/bin/node" "/usr/local/bin/npm" "run" "server"
19 error node v6.2.1
20 error npm  v3.9.3
21 error code ELIFECYCLE
22 error corporate-dashboard@1.0.0 server: `babel-node ./server/index.js`
22 error Exit status 1
23 error Failed at the corporate-dashboard@1.0.0 server script 'babel-node ./server/index.js'.
23 error Make sure you have the latest version of node.js and npm installed.
23 error If you do, this is most likely a problem with the corporate-dashboard package,
23 error not with npm itself.
23 error Tell the author that this fails on your system:
23 error     babel-node ./server/index.js
23 error You can get information on how to open an issue for this project with:
23 error     npm bugs corporate-dashboard
23 error Or if that isn't available, you can get their info via:
23 error     npm owner ls corporate-dashboard
23 error There is likely additional logging output above.
24 verbose exit [ 1, true ]
